<?xml version="1.0" encoding="UTF-8"?>
<testsuite xmlns:xsi="http://www.w3.org/2001/XMLSchema-instance" xsi:noNamespaceSchemaLocation="https://maven.apache.org/surefire/maven-surefire-plugin/xsd/surefire-test-report-3.0.xsd" version="3.0" name="LabCorp UserAPI scenarios" time="4.955" tests="1" errors="0" skipped="0" failures="0">
  <properties>
[...]
</properties>
  <testcase name="Add new user - End to ENd scenario" classname="LabCorp UserAPI scenarios" time="4.955">
    <system-out><![CDATA[Feature: LabCorp UserAPI scenarios



  @Test

  Scenario: Add new user - End to ENd scenario      # src/test/resources/features/UserAPI.feature:5

{
  "createdAt" : 1631825833,
  "employee_firstname" : "John",
  "employee_lastname" : "Smith",
  "employee_phonenumbe" : "264-783-9453",
  "ademployee_emaildress" : "johnSmith@gmail.com",
  "citemployee_addressy" : "Reston",
  "stateemployee_dev_level" : "Virginia",
  "employee_gender" : "male",
  "employee_hire_date" : "2025-10-31T163545.426Z",
  "employee_onleave" : true,
  "tech_stack" : null,
  "project" : null
}

    Given User create json request data             # UserAPISteps.user_create_json_request_data(DataTable)

{
    "createdAt": 1631825833,
    "employee_firstname": "John",
    "employee_lastname": "Smith",
    "employee_phonenumbe": "264-783-9453",
    "ademployee_emaildress": "johnSmith@gmail.com",
    "citemployee_addressy": "Reston",
    "stateemployee_dev_level": "Virginia",
    "employee_gender": "male",
    "employee_hire_date": "2025-10-31T163545.426Z",
    "employee_onleave": true,
    "tech_stack": null,
    "project": null,
    "id": "232"
}

    When User submit POST request                   # UserAPISteps.user_submit_POST_request()

    Then User validate statusCode is 201            # UserAPISteps.user_validate_statusCode_is(int)

Record ID: 232

    And User retrives recordID from response        # UserAPISteps.user_retrives_recordID_from_response()

{
    "createdAt": 1631825833,
    "employee_firstname": "John",
    "employee_lastname": "Smith",
    "employee_phonenumbe": "264-783-9453",
    "ademployee_emaildress": "johnSmith@gmail.com",
    "citemployee_addressy": "Reston",
    "stateemployee_dev_level": "Virginia",
    "employee_gender": "male",
    "employee_hire_date": "2025-10-31T163545.426Z",
    "employee_onleave": true,
    "tech_stack": null,
    "project": null,
    "id": "232"
}

    And User submits GET request with record ID     # UserAPISteps.user_submits_GET_request_with_record_ID()

    And User validates if user is created and exist # UserAPISteps.user_validates_if_user_is_created_and_exist()

    And User delete the record                      # UserAPISteps.user_delete_the_record()

]]></system-out>
    <system-err><![CDATA[SLF4J: Failed to load class "org.slf4j.impl.StaticLoggerBinder".
SLF4J: Defaulting to no-operation (NOP) logger implementation
SLF4J: See http://www.slf4j.org/codes.html#StaticLoggerBinder for further details.
]]></system-err>
  </testcase>
</testsuite>